#
# A fatal error has been detected by the Java Runtime Environment:
#
#  SIGSEGV (0xb) at pc=0x0000000104581048, pid=87720, tid=0x0000000000001c03
#
# JRE version: Java(TM) SE Runtime Environment (8.0_131-b11) (build 1.8.0_131-b11)
# Java VM: Java HotSpot(TM) 64-Bit Server VM (25.131-b11 mixed mode bsd-amd64 compressed oops)
# Problematic frame:
# V  [libjvm.dylib+0x581048]  Unsafe_GetNativeAddress+0x31
#
# Failed to write core dump. Core dumps have been disabled. To enable core dumping, try "ulimit -c unlimited" before starting Java again
#
# If you would like to submit a bug report, please visit:
#   http://bugreport.java.com/bugreport/crash.jsp
#

---------------  T H R E A D  ---------------

Current thread (0x00007f9ae4001800):  JavaThread "main" [_thread_in_vm, id=7171, stack(0x000070000d7da000,0x000070000d8da000)]

siginfo: si_signo: 11 (SIGSEGV), si_code: 1 (SEGV_MAPERR), si_addr: 0x0000000000000065

Registers:
RAX=0x00000001048f2dd0, RBX=0x0000000000000065, RCX=0x00000001048233a0, RDX=0x0000000000000065
RSP=0x000070000d8d9820, RBP=0x000070000d8d9850, RSI=0x0000000000000006, RDI=0x000070000d8d9830
R8 =0x00007f9ae4001800, R9 =0x00007f9ae4001800, R10=0x00000001126cd9c8, R11=0x00000001044e4dcb
R12=0x0000000000000000, R13=0x000000010e938b18, R14=0x00007f9ae4001800, R15=0x000070000d8d9830
RIP=0x0000000104581048, EFLAGS=0x0000000000010246, ERR=0x0000000000000004
  TRAPNO=0x000000000000000e

Top of Stack: (sp=0x000070000d8d9820)
0x000070000d8d9820:   00007f9ae4001800 00007f9ae4001800
0x000070000d8d9830:   00007f9ae4001800 000000010e938b18
0x000070000d8d9840:   000070000d8d98f0 00007f9ae4001800
0x000070000d8d9850:   000070000d8d98c0 00000001126cd9f4
0x000070000d8d9860:   000070000d8d98c0 00000001126cd779
0x000070000d8d9870:   00000001126d9223 00000001126cd742
0x000070000d8d9880:   000070000d8d9880 000000010e938b18
0x000070000d8d9890:   000070000d8d98f0 000000010e966270
0x000070000d8d98a0:   0000000000000000 000000010e938b18
0x000070000d8d98b0:   0000000000000000 000070000d8d98e0
0x000070000d8d98c0:   000070000d8d9938 00000001126bddd0
0x000070000d8d98d0:   0000000000000000 00000001126c7537
0x000070000d8d98e0:   0000000000000065 00007f9ae380e350
0x000070000d8d98f0:   000000076ab089a0 000070000d8d98f8
0x000070000d8d9900:   000000010ecbcc60 000070000d8d9948
0x000070000d8d9910:   000000010ecbd028 0000000000000000
0x000070000d8d9920:   000000010ecbcc80 000070000d8d98e0
0x000070000d8d9930:   000070000d8d9948 000070000d8d99b0
0x000070000d8d9940:   00000001126b67a7 000000076adb86f0
0x000070000d8d9950:   0000000100001fa0 000000000000000a
0x000070000d8d9960:   00007f9ae4001800 0000000000000001
0x000070000d8d9970:   00000001126b671f 000000010ecbcc80
0x000070000d8d9980:   000070000d8d9a48 000070000d8d9dd0
0x000070000d8d9990:   000000010000000a 000000010ecbcc80
0x000070000d8d99a0:   00000001126c8c80 000070000d8d9b88
0x000070000d8d99b0:   000070000d8d9b60 00000001042ee5b6
0x000070000d8d99c0:   0000000000000001 00007f9ae4001800
0x000070000d8d99d0:   0000000000000000 000070000d8d9dd0
0x000070000d8d99e0:   0000000000000000 00000001126c8c80
0x000070000d8d99f0:   000000000000ff00 000070000d8d9b80
0x000070000d8d9a00:   000070000d8d9dc8 00007f9ae4001800
0x000070000d8d9a10:   00007f9ae4001800 00007f9ae3800880 

Instructions: (pc=0x0000000104581048)
0x0000000104581028:   28 58 da ff 49 89 c6 4c 89 75 e0 4c 8d 7d e0 4c
0x0000000104581038:   89 ff be 06 00 00 00 e8 a8 97 be ff 4c 89 75 d8
0x0000000104581048:   48 8b 1b 48 8d 7d d8 e8 b4 58 da ff ba 04 00 00
0x0000000104581058:   00 4c 89 ff be 06 00 00 00 e8 36 4b bf ff 48 89 

Register to memory mapping:

RAX=0x00000001048f2dd0: _ZN20SafepointSynchronize6_stateE+0 in /Library/Java/JavaVirtualMachines/jdk1.8.0_131.jdk/Contents/Home/jre/lib/server/libjvm.dylib at 0x0000000104000000
RBX=0x0000000000000065 is an unknown value
RCX=0x00000001048233a0: UseMembar+0 in /Library/Java/JavaVirtualMachines/jdk1.8.0_131.jdk/Contents/Home/jre/lib/server/libjvm.dylib at 0x0000000104000000
RDX=0x0000000000000065 is an unknown value
RSP=0x000070000d8d9820 is pointing into the stack for thread: 0x00007f9ae4001800
RBP=0x000070000d8d9850 is pointing into the stack for thread: 0x00007f9ae4001800
RSI=0x0000000000000006 is an unknown value
RDI=0x000070000d8d9830 is pointing into the stack for thread: 0x00007f9ae4001800
R8 =0x00007f9ae4001800 is a thread
R9 =0x00007f9ae4001800 is a thread
R10=0x00000001126cd9c8 is at code_begin+808 in an Interpreter codelet
method entry point (kind = native)  [0x00000001126cd6a0, 0x00000001126cdfa0]  2304 bytes
R11=0x00000001044e4dcb: throw_unsatisfied_link_error+0 in /Library/Java/JavaVirtualMachines/jdk1.8.0_131.jdk/Contents/Home/jre/lib/server/libjvm.dylib at 0x0000000104000000
R12=0x0000000000000000 is an unknown value
R13={method} {0x000000010e938b18} 'getAddress' '(J)J' in 'sun/misc/Unsafe'
R14=0x00007f9ae4001800 is a thread
R15=0x000070000d8d9830 is pointing into the stack for thread: 0x00007f9ae4001800


Stack: [0x000070000d7da000,0x000070000d8da000],  sp=0x000070000d8d9820,  free space=1022k
Native frames: (J=compiled Java code, j=interpreted, Vv=VM code, C=native code)
V  [libjvm.dylib+0x581048]  Unsafe_GetNativeAddress+0x31
j  sun.misc.Unsafe.getAddress(J)J+0
j  com.test.experiments.TestClass.main([Ljava/lang/String;)V+16
v  ~StubRoutines::call_stub
V  [libjvm.dylib+0x2ee5b6]  JavaCalls::call_helper(JavaValue*, methodHandle*, JavaCallArguments*, Thread*)+0x6ae
V  [libjvm.dylib+0x3253ce]  jni_invoke_static(JNIEnv_*, JavaValue*, _jobject*, JNICallType, _jmethodID*, JNI_ArgumentPusher*, Thread*)+0x1bf
V  [libjvm.dylib+0x31e145]  jni_CallStaticVoidMethod+0x15d
C  [java+0x3931]  JavaMain+0x9c4
C  [libsystem_pthread.dylib+0x3aab]  _pthread_body+0xb4
C  [libsystem_pthread.dylib+0x39f7]  _pthread_body+0x0
C  [libsystem_pthread.dylib+0x31fd]  thread_start+0xd
C  0x0000000000000000

Java frames: (J=compiled Java code, j=interpreted, Vv=VM code)
j  sun.misc.Unsafe.getAddress(J)J+0
j  com.test.experiments.TestClass.main([Ljava/lang/String;)V+16
v  ~StubRoutines::call_stub

---------------  P R O C E S S  ---------------

Java Threads: ( => current thread )
  0x00007f9ae4866000 JavaThread "Service Thread" daemon [_thread_blocked, id=21763, stack(0x000070000ea10000,0x000070000eb10000)]
  0x00007f9ae2809000 JavaThread "C1 CompilerThread3" daemon [_thread_blocked, id=21251, stack(0x000070000e90d000,0x000070000ea0d000)]
  0x00007f9ae2808800 JavaThread "C2 CompilerThread2" daemon [_thread_blocked, id=20739, stack(0x000070000e80a000,0x000070000e90a000)]
  0x00007f9ae2807800 JavaThread "C2 CompilerThread1" daemon [_thread_blocked, id=20227, stack(0x000070000e707000,0x000070000e807000)]
  0x00007f9ae1825800 JavaThread "C2 CompilerThread0" daemon [_thread_blocked, id=19715, stack(0x000070000e604000,0x000070000e704000)]
  0x00007f9ae183f800 JavaThread "Monitor Ctrl-Break" daemon [_thread_in_native, id=19203, stack(0x000070000e501000,0x000070000e601000)]
  0x00007f9ae181c800 JavaThread "Signal Dispatcher" daemon [_thread_blocked, id=18691, stack(0x000070000e3fe000,0x000070000e4fe000)]
  0x00007f9ae400e800 JavaThread "Finalizer" daemon [_thread_blocked, id=14595, stack(0x000070000e2fb000,0x000070000e3fb000)]
  0x00007f9ae1813000 JavaThread "Reference Handler" daemon [_thread_blocked, id=14083, stack(0x000070000e1f8000,0x000070000e2f8000)]
=>0x00007f9ae4001800 JavaThread "main" [_thread_in_vm, id=7171, stack(0x000070000d7da000,0x000070000d8da000)]

Other Threads:
  0x00007f9ae1810800 VMThread [stack: 0x000070000e0f5000,0x000070000e1f5000] [id=13571]
  0x00007f9ae40b7000 WatcherThread [stack: 0x000070000eb13000,0x000070000ec13000] [id=22275]

VM state:not at safepoint (normal execution)

VM Mutex/Monitor currently owned by a thread: None

Heap:
 PSYoungGen      total 76288K, used 5276K [0x000000076ab00000, 0x0000000770000000, 0x00000007c0000000)
  eden space 65536K, 8% used [0x000000076ab00000,0x000000076b027178,0x000000076eb00000)
  from space 10752K, 0% used [0x000000076f580000,0x000000076f580000,0x0000000770000000)
  to   space 10752K, 0% used [0x000000076eb00000,0x000000076eb00000,0x000000076f580000)
 ParOldGen       total 175104K, used 0K [0x00000006c0000000, 0x00000006cab00000, 0x000000076ab00000)
  object space 175104K, 0% used [0x00000006c0000000,0x00000006c0000000,0x00000006cab00000)
 Metaspace       used 3328K, capacity 4500K, committed 4864K, reserved 1056768K
  class space    used 373K, capacity 388K, committed 512K, reserved 1048576K

Card table byte_map: [0x0000000105363000,0x0000000105b64000] byte_map_base: 0x0000000101d63000

Marking Bits: (ParMarkBitMap*) 0x00000001048f1ea0
 Begin Bits: [0x00000001060ba000, 0x000000010a0ba000)
 End Bits:   [0x000000010a0ba000, 0x000000010e0ba000)

Polling page: 0x0000000102e8c000

CodeCache: size=245760Kb used=1118Kb max_used=1118Kb free=244641Kb
 bounds [0x00000001126b6000, 0x0000000112926000, 0x00000001216b6000]
 total_blobs=277 nmethods=30 adapters=162
 compilation: enabled

Compilation events (10 events):
Event: 0.136 Thread 0x00007f9ae2809000   24       3       java.lang.String::startsWith (7 bytes)
Event: 0.136 Thread 0x00007f9ae2809000 nmethod 24 0x00000001127ca810 code [0x00000001127ca980, 0x00000001127cab88]
Event: 0.136 Thread 0x00007f9ae2809000   23       3       java.lang.String::<init> (82 bytes)
Event: 0.136 Thread 0x00007f9ae2809000 nmethod 23 0x00000001127c9b50 code [0x00000001127c9d20, 0x00000001127ca218]
Event: 0.136 Thread 0x00007f9ae2809000   25       3       java.util.concurrent.ConcurrentHashMap::tabAt (21 bytes)
Event: 0.136 Thread 0x00007f9ae2809000 nmethod 25 0x00000001127c9710 code [0x00000001127c9880, 0x00000001127c9ab0]
Event: 0.136 Thread 0x00007f9ae2809000   22       3       java.lang.String::endsWith (17 bytes)
Event: 0.136 Thread 0x00007f9ae2809000 nmethod 22 0x00000001127cac10 code [0x00000001127cad80, 0x00000001127cafa8]
Event: 0.137 Thread 0x00007f9ae2809000   27       3       java.lang.Math::min (11 bytes)
Event: 0.137 Thread 0x00007f9ae2809000 nmethod 27 0x00000001127cb0d0 code [0x00000001127cb240, 0x00000001127cb3d0]

GC Heap History (0 events):
No events

Deoptimization events (0 events):
No events

Internal exceptions (2 events):
Event: 0.046 Thread 0x00007f9ae4001800 Exception <a 'java/lang/NoSuchMethodError': Method sun.misc.Unsafe.defineClass(Ljava/lang/String;[BII)Ljava/lang/Class; name or signature does not match> (0x000000076ab07ca8) thrown at [/Users/java_re/workspace/8-2-build-macosx-x86_64/jdk8u131/8869/hotspo
Event: 0.046 Thread 0x00007f9ae4001800 Exception <a 'java/lang/NoSuchMethodError': Method sun.misc.Unsafe.prefetchRead(Ljava/lang/Object;J)V name or signature does not match> (0x000000076ab07f90) thrown at [/Users/java_re/workspace/8-2-build-macosx-x86_64/jdk8u131/8869/hotspot/src/share/vm/pri

Events (10 events):
Event: 0.137 loading class sun/net/NetProperties$1
Event: 0.137 loading class sun/reflect/UnsafeQualifiedStaticFieldAccessorImpl done
Event: 0.137 loading class sun/reflect/UnsafeQualifiedStaticObjectFieldAccessorImpl done
Event: 0.137 loading class sun/net/NetProperties$1 done
Event: 0.137 loading class java/util/HashMap$EntrySet
Event: 0.137 loading class java/util/HashMap$EntrySet done
Event: 0.137 loading class java/util/HashMap$EntryIterator
Event: 0.137 loading class java/util/HashMap$HashIterator
Event: 0.137 loading class java/util/HashMap$HashIterator done
Event: 0.137 loading class java/util/HashMap$EntryIterator done


Dynamic libraries:
0x0000000012d6e000 	/System/Library/Frameworks/Cocoa.framework/Versions/A/Cocoa
0x0000000012d6e000 	/System/Library/Frameworks/Security.framework/Versions/A/Security
0x0000000012d6e000 	/System/Library/Frameworks/ApplicationServices.framework/Versions/A/ApplicationServices
0x0000000012d6e000 	/usr/lib/libz.1.dylib
0x0000000012d6e000 	/usr/lib/libSystem.B.dylib
0x0000000012d6e000 	/usr/lib/libobjc.A.dylib
0x0000000012d6e000 	/System/Library/Frameworks/CoreFoundation.framework/Versions/A/CoreFoundation
0x0000000012d6e000 	/System/Library/Frameworks/Foundation.framework/Versions/C/Foundation
0x0000000102da9000 	/Library/Application Support/Cylance/Desktop/CyMemDef.dylib
0x0000000012d6e000 	/System/Library/Frameworks/AppKit.framework/Versions/C/AppKit
0x0000000012d6e000 	/System/Library/Frameworks/CoreData.framework/Versions/A/CoreData
0x0000000012d6e000 	/System/Library/PrivateFrameworks/RemoteViewServices.framework/Versions/A/RemoteViewServices
0x0000000012d6e000 	/System/Library/PrivateFrameworks/UIFoundation.framework/Versions/A/UIFoundation
0x0000000012d6e000 	/System/Library/PrivateFrameworks/DFRFoundation.framework/Versions/A/DFRFoundation
0x0000000012d6e000 	/usr/lib/libenergytrace.dylib
0x0000000012d6e000 	/System/Library/PrivateFrameworks/SkyLight.framework/Versions/A/SkyLight
0x0000000012d6e000 	/System/Library/Frameworks/CoreGraphics.framework/Versions/A/CoreGraphics
0x0000000012d6e000 	/usr/lib/libScreenReader.dylib
0x0000000012d6e000 	/System/Library/Frameworks/Accelerate.framework/Versions/A/Accelerate
0x0000000012d6e000 	/System/Library/Frameworks/IOSurface.framework/Versions/A/IOSurface
0x0000000012d6e000 	/System/Library/Frameworks/AudioToolbox.framework/Versions/A/AudioToolbox
0x0000000012d6e000 	/System/Library/Frameworks/AudioUnit.framework/Versions/A/AudioUnit
0x0000000012d6e000 	/System/Library/PrivateFrameworks/DataDetectorsCore.framework/Versions/A/DataDetectorsCore
0x0000000012d6e000 	/System/Library/PrivateFrameworks/DesktopServicesPriv.framework/Versions/A/DesktopServicesPriv
0x0000000012d6e000 	/System/Library/Frameworks/Carbon.framework/Versions/A/Frameworks/HIToolbox.framework/Versions/A/HIToolbox
0x0000000012d6e000 	/usr/lib/libicucore.A.dylib
0x0000000012d6e000 	/System/Library/Frameworks/QuartzCore.framework/Versions/A/QuartzCore
0x0000000012d6e000 	/System/Library/Frameworks/Carbon.framework/Versions/A/Frameworks/SpeechRecognition.framework/Versions/A/SpeechRecognition
0x0000000012d6e000 	/usr/lib/libauto.dylib
0x0000000012d6e000 	/usr/lib/libxml2.2.dylib
0x0000000012d6e000 	/System/Library/PrivateFrameworks/CoreUI.framework/Versions/A/CoreUI
0x0000000012d6e000 	/System/Library/Frameworks/CoreAudio.framework/Versions/A/CoreAudio
0x0000000012d6e000 	/System/Library/Frameworks/DiskArbitration.framework/Versions/A/DiskArbitration
0x0000000012d6e000 	/usr/lib/liblangid.dylib
0x0000000012d6e000 	/System/Library/PrivateFrameworks/MultitouchSupport.framework/Versions/A/MultitouchSupport
0x0000000012d6e000 	/System/Library/Frameworks/IOKit.framework/Versions/A/IOKit
0x0000000012d6e000 	/usr/lib/libDiagnosticMessagesClient.dylib
0x0000000012d6e000 	/System/Library/Frameworks/CoreServices.framework/Versions/A/CoreServices
0x0000000012d6e000 	/System/Library/PrivateFrameworks/PerformanceAnalysis.framework/Versions/A/PerformanceAnalysis
0x0000000012d6e000 	/System/Library/PrivateFrameworks/GenerationalStorage.framework/Versions/A/GenerationalStorage
0x0000000012d6e000 	/System/Library/Frameworks/OpenGL.framework/Versions/A/OpenGL
0x0000000012d6e000 	/System/Library/Frameworks/CoreImage.framework/Versions/A/CoreImage
0x0000000012d6e000 	/System/Library/Frameworks/CoreText.framework/Versions/A/CoreText
0x0000000012d6e000 	/System/Library/Frameworks/ImageIO.framework/Versions/A/ImageIO
0x0000000012d6e000 	/System/Library/PrivateFrameworks/Backup.framework/Versions/A/Backup
0x0000000012d6e000 	/usr/lib/libarchive.2.dylib
0x0000000012d6e000 	/System/Library/Frameworks/CFNetwork.framework/Versions/A/CFNetwork
0x0000000012d6e000 	/System/Library/Frameworks/SystemConfiguration.framework/Versions/A/SystemConfiguration
0x0000000012d6e000 	/usr/lib/libCRFSuite.dylib
0x0000000012d6e000 	/usr/lib/libc++.1.dylib
0x0000000012d6e000 	/usr/lib/libc++abi.dylib
0x0000000012d6e000 	/usr/lib/system/libcache.dylib
0x0000000012d6e000 	/usr/lib/system/libcommonCrypto.dylib
0x0000000012d6e000 	/usr/lib/system/libcompiler_rt.dylib
0x0000000012d6e000 	/usr/lib/system/libcopyfile.dylib
0x0000000012d6e000 	/usr/lib/system/libcorecrypto.dylib
0x0000000012d6e000 	/usr/lib/system/libdispatch.dylib
0x0000000012d6e000 	/usr/lib/system/libdyld.dylib
0x0000000012d6e000 	/usr/lib/system/libkeymgr.dylib
0x0000000012d6e000 	/usr/lib/system/liblaunch.dylib
0x0000000012d6e000 	/usr/lib/system/libmacho.dylib
0x0000000012d6e000 	/usr/lib/system/libquarantine.dylib
0x0000000012d6e000 	/usr/lib/system/libremovefile.dylib
0x0000000012d6e000 	/usr/lib/system/libsystem_asl.dylib
0x0000000012d6e000 	/usr/lib/system/libsystem_blocks.dylib
0x0000000012d6e000 	/usr/lib/system/libsystem_c.dylib
0x0000000012d6e000 	/usr/lib/system/libsystem_configuration.dylib
0x0000000012d6e000 	/usr/lib/system/libsystem_coreservices.dylib
0x0000000012d6e000 	/usr/lib/system/libsystem_coretls.dylib
0x0000000012d6e000 	/usr/lib/system/libsystem_dnssd.dylib
0x0000000012d6e000 	/usr/lib/system/libsystem_info.dylib
0x0000000012d6e000 	/usr/lib/system/libsystem_kernel.dylib
0x0000000012d6e000 	/usr/lib/system/libsystem_m.dylib
0x0000000012d6e000 	/usr/lib/system/libsystem_malloc.dylib
0x0000000012d6e000 	/usr/lib/system/libsystem_network.dylib
0x0000000012d6e000 	/usr/lib/system/libsystem_networkextension.dylib
0x0000000012d6e000 	/usr/lib/system/libsystem_notify.dylib
0x0000000012d6e000 	/usr/lib/system/libsystem_platform.dylib
0x0000000012d6e000 	/usr/lib/system/libsystem_pthread.dylib
0x0000000012d6e000 	/usr/lib/system/libsystem_sandbox.dylib
0x0000000012d6e000 	/usr/lib/system/libsystem_secinit.dylib
0x0000000012d6e000 	/usr/lib/system/libsystem_symptoms.dylib
0x0000000012d6e000 	/usr/lib/system/libsystem_trace.dylib
0x0000000012d6e000 	/usr/lib/system/libunwind.dylib
0x0000000012d6e000 	/usr/lib/system/libxpc.dylib
0x0000000012d6e000 	/usr/lib/libbsm.0.dylib
0x0000000012d6e000 	/usr/lib/system/libkxld.dylib
0x0000000012d6e000 	/usr/lib/libcoretls.dylib
0x0000000012d6e000 	/usr/lib/libcoretls_cfhelpers.dylib
0x0000000012d6e000 	/usr/lib/libxar.1.dylib
0x0000000012d6e000 	/usr/lib/libsqlite3.dylib
0x0000000012d6e000 	/usr/lib/libpam.2.dylib
0x0000000012d6e000 	/usr/lib/libOpenScriptingUtil.dylib
0x0000000012d6e000 	/usr/lib/libbz2.1.0.dylib
0x0000000012d6e000 	/usr/lib/liblzma.5.dylib
0x0000000012d6e000 	/usr/lib/libnetwork.dylib
0x0000000012d6e000 	/usr/lib/libpcap.A.dylib
0x0000000012d6e000 	/System/Library/Frameworks/CoreServices.framework/Versions/A/Frameworks/FSEvents.framework/Versions/A/FSEvents
0x0000000012d6e000 	/System/Library/Frameworks/CoreServices.framework/Versions/A/Frameworks/CarbonCore.framework/Versions/A/CarbonCore
0x0000000012d6e000 	/System/Library/Frameworks/CoreServices.framework/Versions/A/Frameworks/Metadata.framework/Versions/A/Metadata
0x0000000012d6e000 	/System/Library/Frameworks/CoreServices.framework/Versions/A/Frameworks/OSServices.framework/Versions/A/OSServices
0x0000000012d6e000 	/System/Library/Frameworks/CoreServices.framework/Versions/A/Frameworks/SearchKit.framework/Versions/A/SearchKit
0x0000000012d6e000 	/System/Library/Frameworks/CoreServices.framework/Versions/A/Frameworks/AE.framework/Versions/A/AE
0x0000000012d6e000 	/System/Library/Frameworks/CoreServices.framework/Versions/A/Frameworks/LaunchServices.framework/Versions/A/LaunchServices
0x0000000012d6e000 	/System/Library/Frameworks/CoreServices.framework/Versions/A/Frameworks/DictionaryServices.framework/Versions/A/DictionaryServices
0x0000000012d6e000 	/System/Library/Frameworks/CoreServices.framework/Versions/A/Frameworks/SharedFileList.framework/Versions/A/SharedFileList
0x0000000012d6e000 	/System/Library/Frameworks/NetFS.framework/Versions/A/NetFS
0x0000000012d6e000 	/System/Library/PrivateFrameworks/NetAuth.framework/Versions/A/NetAuth
0x0000000012d6e000 	/System/Library/PrivateFrameworks/login.framework/Versions/A/Frameworks/loginsupport.framework/Versions/A/loginsupport
0x0000000012d6e000 	/System/Library/PrivateFrameworks/TCC.framework/Versions/A/TCC
0x0000000012d6e000 	/usr/lib/libmecabra.dylib
0x0000000012d6e000 	/System/Library/Frameworks/ApplicationServices.framework/Versions/A/Frameworks/ATS.framework/Versions/A/ATS
0x0000000012d6e000 	/System/Library/Frameworks/ApplicationServices.framework/Versions/A/Frameworks/ColorSync.framework/Versions/A/ColorSync
0x0000000012d6e000 	/System/Library/Frameworks/ApplicationServices.framework/Versions/A/Frameworks/HIServices.framework/Versions/A/HIServices
0x0000000012d6e000 	/System/Library/Frameworks/ApplicationServices.framework/Versions/A/Frameworks/LangAnalysis.framework/Versions/A/LangAnalysis
0x0000000012d6e000 	/System/Library/Frameworks/ApplicationServices.framework/Versions/A/Frameworks/PrintCore.framework/Versions/A/PrintCore
0x0000000012d6e000 	/System/Library/Frameworks/ApplicationServices.framework/Versions/A/Frameworks/QD.framework/Versions/A/QD
0x0000000012d6e000 	/System/Library/Frameworks/ApplicationServices.framework/Versions/A/Frameworks/SpeechSynthesis.framework/Versions/A/SpeechSynthesis
0x0000000012d6e000 	/System/Library/Frameworks/Accelerate.framework/Versions/A/Frameworks/vImage.framework/Versions/A/vImage
0x0000000012d6e000 	/System/Library/Frameworks/Accelerate.framework/Versions/A/Frameworks/vecLib.framework/Versions/A/vecLib
0x0000000012d6e000 	/System/Library/Frameworks/Accelerate.framework/Versions/A/Frameworks/vecLib.framework/Versions/A/libvDSP.dylib
0x0000000012d6e000 	/System/Library/Frameworks/Accelerate.framework/Versions/A/Frameworks/vecLib.framework/Versions/A/libBNNS.dylib
0x0000000012d6e000 	/System/Library/Frameworks/Accelerate.framework/Versions/A/Frameworks/vecLib.framework/Versions/A/libQuadrature.dylib
0x0000000012d6e000 	/System/Library/Frameworks/Accelerate.framework/Versions/A/Frameworks/vecLib.framework/Versions/A/libvMisc.dylib
0x0000000012d6e000 	/System/Library/Frameworks/Accelerate.framework/Versions/A/Frameworks/vecLib.framework/Versions/A/libLAPACK.dylib
0x0000000012d6e000 	/System/Library/Frameworks/Accelerate.framework/Versions/A/Frameworks/vecLib.framework/Versions/A/libBLAS.dylib
0x0000000012d6e000 	/System/Library/Frameworks/Accelerate.framework/Versions/A/Frameworks/vecLib.framework/Versions/A/libLinearAlgebra.dylib
0x0000000012d6e000 	/System/Library/Frameworks/Accelerate.framework/Versions/A/Frameworks/vecLib.framework/Versions/A/libSparseBLAS.dylib
0x0000000012d6e000 	/System/Library/Frameworks/ApplicationServices.framework/Versions/A/Frameworks/ATS.framework/Versions/A/Resources/libFontParser.dylib
0x0000000012d6e000 	/System/Library/Frameworks/ApplicationServices.framework/Versions/A/Frameworks/ATS.framework/Versions/A/Resources/libFontRegistry.dylib
0x0000000012d6e000 	/System/Library/Frameworks/ImageIO.framework/Versions/A/Resources/libJPEG.dylib
0x0000000012d6e000 	/System/Library/Frameworks/ImageIO.framework/Versions/A/Resources/libTIFF.dylib
0x0000000012d6e000 	/System/Library/Frameworks/ImageIO.framework/Versions/A/Resources/libPng.dylib
0x0000000012d6e000 	/System/Library/Frameworks/ImageIO.framework/Versions/A/Resources/libGIF.dylib
0x0000000012d6e000 	/System/Library/Frameworks/ImageIO.framework/Versions/A/Resources/libJP2.dylib
0x0000000012d6e000 	/System/Library/Frameworks/ImageIO.framework/Versions/A/Resources/libRadiance.dylib
0x0000000012d6e000 	/usr/lib/libcompression.dylib
0x0000000012d6e000 	/System/Library/PrivateFrameworks/AppleJPEG.framework/Versions/A/AppleJPEG
0x0000000012d6e000 	/usr/lib/libcups.2.dylib
0x0000000012d6e000 	/System/Library/Frameworks/Kerberos.framework/Versions/A/Kerberos
0x0000000012d6e000 	/System/Library/Frameworks/GSS.framework/Versions/A/GSS
0x0000000012d6e000 	/usr/lib/libresolv.9.dylib
0x0000000012d6e000 	/usr/lib/libiconv.2.dylib
0x0000000012d6e000 	/System/Library/PrivateFrameworks/Heimdal.framework/Versions/A/Heimdal
0x0000000012d6e000 	/usr/lib/libheimdal-asn1.dylib
0x0000000012d6e000 	/System/Library/Frameworks/OpenDirectory.framework/Versions/A/OpenDirectory
0x0000000012d6e000 	/System/Library/PrivateFrameworks/CommonAuth.framework/Versions/A/CommonAuth
0x0000000012d6e000 	/System/Library/Frameworks/OpenDirectory.framework/Versions/A/Frameworks/CFOpenDirectory.framework/Versions/A/CFOpenDirectory
0x0000000012d6e000 	/System/Library/Frameworks/SecurityFoundation.framework/Versions/A/SecurityFoundation
0x0000000012d6e000 	/System/Library/PrivateFrameworks/LanguageModeling.framework/Versions/A/LanguageModeling
0x0000000012d6e000 	/usr/lib/libmarisa.dylib
0x0000000012d6e000 	/usr/lib/libChineseTokenizer.dylib
0x0000000012d6e000 	/usr/lib/libcmph.dylib
0x0000000012d6e000 	/System/Library/PrivateFrameworks/CoreEmoji.framework/Versions/A/CoreEmoji
0x0000000012d6e000 	/System/Library/Frameworks/ServiceManagement.framework/Versions/A/ServiceManagement
0x0000000012d6e000 	/usr/lib/libxslt.1.dylib
0x0000000012d6e000 	/System/Library/Frameworks/Carbon.framework/Versions/A/Frameworks/Ink.framework/Versions/A/Ink
0x0000000012d6e000 	/System/Library/PrivateFrameworks/TextureIO.framework/Versions/A/TextureIO
0x0000000012d6e000 	/System/Library/Frameworks/Metal.framework/Versions/A/Metal
0x0000000012d6e000 	/usr/lib/libate.dylib
0x0000000012d6e000 	/System/Library/PrivateFrameworks/GPUCompiler.framework/libmetal_timestamp.dylib
0x0000000012d6e000 	/System/Library/Frameworks/OpenGL.framework/Versions/A/Libraries/libCoreFSCache.dylib
0x0000000012d6e000 	/System/Library/PrivateFrameworks/IOAccelerator.framework/Versions/A/IOAccelerator
0x0000000012d6e000 	/System/Library/Frameworks/CoreVideo.framework/Versions/A/CoreVideo
0x0000000012d6e000 	/usr/lib/libFosl_dynamic.dylib
0x0000000012d6e000 	/System/Library/PrivateFrameworks/MetalPerformanceShaders.framework/Versions/A/MetalPerformanceShaders
0x0000000012d6e000 	/System/Library/PrivateFrameworks/FaceCore.framework/Versions/A/FaceCore
0x0000000012d6e000 	/System/Library/Frameworks/OpenCL.framework/Versions/A/OpenCL
0x0000000012d6e000 	/System/Library/Frameworks/OpenGL.framework/Versions/A/Libraries/libGLU.dylib
0x0000000012d6e000 	/System/Library/Frameworks/OpenGL.framework/Versions/A/Libraries/libGFXShared.dylib
0x0000000012d6e000 	/System/Library/Frameworks/OpenGL.framework/Versions/A/Libraries/libGL.dylib
0x0000000012d6e000 	/System/Library/Frameworks/OpenGL.framework/Versions/A/Libraries/libGLImage.dylib
0x0000000012d6e000 	/System/Library/Frameworks/OpenGL.framework/Versions/A/Libraries/libCVMSPluginSupport.dylib
0x0000000012d6e000 	/System/Library/Frameworks/OpenGL.framework/Versions/A/Libraries/libCoreVMClient.dylib
0x0000000012d6e000 	/System/Library/PrivateFrameworks/CrashReporterSupport.framework/Versions/A/CrashReporterSupport
0x0000000012d6e000 	/System/Library/PrivateFrameworks/Sharing.framework/Versions/A/Sharing
0x0000000012d6e000 	/System/Library/PrivateFrameworks/IconServices.framework/Versions/A/IconServices
0x0000000012d6e000 	/System/Library/PrivateFrameworks/ProtocolBuffer.framework/Versions/A/ProtocolBuffer
0x0000000012d6e000 	/System/Library/PrivateFrameworks/Apple80211.framework/Versions/A/Apple80211
0x0000000012d6e000 	/System/Library/Frameworks/CoreWLAN.framework/Versions/A/CoreWLAN
0x0000000012d6e000 	/System/Library/PrivateFrameworks/CoreUtils.framework/Versions/A/CoreUtils
0x0000000012d6e000 	/System/Library/Frameworks/IOBluetooth.framework/Versions/A/IOBluetooth
0x0000000012d6e000 	/System/Library/PrivateFrameworks/CoreWiFi.framework/Versions/A/CoreWiFi
0x0000000012d6e000 	/System/Library/Frameworks/CoreBluetooth.framework/Versions/A/CoreBluetooth
0x0000000012d6e000 	/System/Library/Frameworks/CoreDisplay.framework/Versions/A/CoreDisplay
0x0000000012d6e000 	/System/Library/PrivateFrameworks/IOPresentment.framework/Versions/A/IOPresentment
0x0000000012d6e000 	/System/Library/PrivateFrameworks/DebugSymbols.framework/Versions/A/DebugSymbols
0x0000000012d6e000 	/System/Library/PrivateFrameworks/CoreSymbolication.framework/Versions/A/CoreSymbolication
0x0000000012d6e000 	/System/Library/PrivateFrameworks/Symbolication.framework/Versions/A/Symbolication
0x0000000012d6e000 	/System/Library/PrivateFrameworks/AppleFSCompression.framework/Versions/A/AppleFSCompression
0x0000000012d6e000 	/System/Library/PrivateFrameworks/SpeechRecognitionCore.framework/Versions/A/SpeechRecognitionCore
0x0000000012d6e000 	/System/Library/PrivateFrameworks/ChunkingLibrary.framework/Versions/A/ChunkingLibrary
0x0000000104000000 	/Library/Java/JavaVirtualMachines/jdk1.8.0_131.jdk/Contents/Home/jre/lib/server/libjvm.dylib
0x0000000012d6e000 	/usr/lib/libstdc++.6.dylib
0x0000000102e49000 	/Library/Java/JavaVirtualMachines/jdk1.8.0_131.jdk/Contents/Home/jre/lib/libverify.dylib
0x0000000102e57000 	/Library/Java/JavaVirtualMachines/jdk1.8.0_131.jdk/Contents/Home/jre/lib/libjava.dylib
0x0000000102e8d000 	/Library/Java/JavaVirtualMachines/jdk1.8.0_131.jdk/Contents/Home/jre/lib/libinstrument.dylib
0x0000000102eeb000 	/Library/Java/JavaVirtualMachines/jdk1.8.0_131.jdk/Contents/Home/jre/lib/libzip.dylib
0x0000000110f35000 	/System/Library/Frameworks/JavaVM.framework/Frameworks/JavaRuntimeSupport.framework/JavaRuntimeSupport
0x0000000110f4f000 	/System/Library/Frameworks/JavaVM.framework/Versions/A/Frameworks/JavaNativeFoundation.framework/Versions/A/JavaNativeFoundation
0x0000000102ff0000 	/System/Library/Frameworks/JavaVM.framework/Versions/A/JavaVM
0x0000000012d6e000 	/System/Library/Frameworks/Carbon.framework/Versions/A/Carbon
0x0000000110f64000 	/System/Library/PrivateFrameworks/JavaLaunching.framework/Versions/A/JavaLaunching
0x0000000012d6e000 	/System/Library/Frameworks/Carbon.framework/Versions/A/Frameworks/CommonPanels.framework/Versions/A/CommonPanels
0x0000000012d6e000 	/System/Library/Frameworks/Carbon.framework/Versions/A/Frameworks/Help.framework/Versions/A/Help
0x0000000012d6e000 	/System/Library/Frameworks/Carbon.framework/Versions/A/Frameworks/ImageCapture.framework/Versions/A/ImageCapture
0x0000000012d6e000 	/System/Library/Frameworks/Carbon.framework/Versions/A/Frameworks/OpenScripting.framework/Versions/A/OpenScripting
0x0000000012d6e000 	/System/Library/Frameworks/Carbon.framework/Versions/A/Frameworks/Print.framework/Versions/A/Print
0x0000000012d6e000 	/System/Library/Frameworks/Carbon.framework/Versions/A/Frameworks/SecurityHI.framework/Versions/A/SecurityHI
0x00000001110fd000 	/Library/Java/JavaVirtualMachines/jdk1.8.0_131.jdk/Contents/Home/jre/lib/libnet.dylib

VM Arguments:
jvm_args: -javaagent:/Applications/IntelliJ IDEA CE.app/Contents/lib/idea_rt.jar=62509:/Applications/IntelliJ IDEA CE.app/Contents/bin -Dfile.encoding=UTF-8 
java_command: com.test.experiments.TestClass
java_class_path (initial): /Library/Java/JavaVirtualMachines/jdk1.8.0_131.jdk/Contents/Home/jre/lib/charsets.jar:/Library/Java/JavaVirtualMachines/jdk1.8.0_131.jdk/Contents/Home/jre/lib/deploy.jar:/Library/Java/JavaVirtualMachines/jdk1.8.0_131.jdk/Contents/Home/jre/lib/ext/cldrdata.jar:/Library/Java/JavaVirtualMachines/jdk1.8.0_131.jdk/Contents/Home/jre/lib/ext/dnsns.jar:/Library/Java/JavaVirtualMachines/jdk1.8.0_131.jdk/Contents/Home/jre/lib/ext/jaccess.jar:/Library/Java/JavaVirtualMachines/jdk1.8.0_131.jdk/Contents/Home/jre/lib/ext/jfxrt.jar:/Library/Java/JavaVirtualMachines/jdk1.8.0_131.jdk/Contents/Home/jre/lib/ext/localedata.jar:/Library/Java/JavaVirtualMachines/jdk1.8.0_131.jdk/Contents/Home/jre/lib/ext/nashorn.jar:/Library/Java/JavaVirtualMachines/jdk1.8.0_131.jdk/Contents/Home/jre/lib/ext/sunec.jar:/Library/Java/JavaVirtualMachines/jdk1.8.0_131.jdk/Contents/Home/jre/lib/ext/sunjce_provider.jar:/Library/Java/JavaVirtualMachines/jdk1.8.0_131.jdk/Contents/Home/jre/lib/ext/sunpkcs11.jar:/Library/Java/JavaVirtualMachines/jdk1.8.0_131.jdk/Contents/Home/jre/lib/ext/zipfs.jar:/Library/Java/JavaVirtualMachines/jdk1.8.0_131.jdk/Contents/Home/jre/lib/javaws.jar:/Library/Java/JavaVirtualMachines/jdk1.8.0_131.jdk/Contents/Home/jre/lib/jce.jar:/Library/Java/JavaVirtualMachines/jdk1.8.0_131.jdk/Contents/Home/jre/lib/jfr.jar:/Library/Java/JavaVirtualMachines/jdk1.8.0_131.jdk/Contents/Home/jre/lib/jfxswt.jar:/Library/Java/JavaVirtualMachines/jdk1.8.0_131.jdk/Contents/Home/jre/lib/jsse.jar:/Library/Java/JavaVirtualMachines/jdk1.8.0_131.jdk/Contents/Home/jre/lib/management-agent.jar:/Library/Java/JavaVirtualMachines/jdk1.8.0_131.jdk/Contents/Home/jre/lib/plugin.jar:/Library/Java/JavaVirtualMachines/jdk1.8.0_131.jdk/Contents/Home/jre/lib/resources.jar:/Library/Java/JavaVirtualMachines/jdk1.8.0_131.jdk/Contents/Home/jre/lib/rt.jar:/Library/Java/JavaVirtualMachines/jdk1.8.0_131.jdk/Contents/Home/lib/ant-javafx.jar:/Library/Java/JavaVirtualMachines/jdk1.8.0_131.jdk/Contents/Home
Launcher Type: SUN_STANDARD

Environment Variables:
JAVA_HOME=/Library/Java/JavaVirtualMachines/jdk1.8.0_131.jdk/Contents/Home/
PATH=/usr/local/bin:/usr/bin:/bin:/usr/sbin:/sbin:/usr/local/munki:/Library/Application Support/pinpoint/bin
SHELL=/bin/bash

Signal Handlers:
SIGSEGV: [libjvm.dylib+0x5b1eb1], sa_mask[0]=11111111011111110111111111111111, sa_flags=SA_ONSTACK|SA_RESTART|SA_SIGINFO
SIGBUS: [libjvm.dylib+0x5b1eb1], sa_mask[0]=11111111011111110111111111111111, sa_flags=SA_RESTART|SA_SIGINFO
SIGFPE: [libjvm.dylib+0x488988], sa_mask[0]=11111111011111110111111111111111, sa_flags=SA_RESTART|SA_SIGINFO
SIGPIPE: [libjvm.dylib+0x488988], sa_mask[0]=11111111011111110111111111111111, sa_flags=SA_RESTART|SA_SIGINFO
SIGXFSZ: [libjvm.dylib+0x488988], sa_mask[0]=11111111011111110111111111111111, sa_flags=SA_RESTART|SA_SIGINFO
SIGILL: [libjvm.dylib+0x488988], sa_mask[0]=11111111011111110111111111111111, sa_flags=SA_RESTART|SA_SIGINFO
SIGUSR1: SIG_DFL, sa_mask[0]=00000000000000000000000000000000, sa_flags=none
SIGUSR2: [libjvm.dylib+0x4884a6], sa_mask[0]=00100000000000000000000000000000, sa_flags=SA_RESTART|SA_SIGINFO
SIGHUP: [libjvm.dylib+0x486a7d], sa_mask[0]=11111111011111110111111111111111, sa_flags=SA_RESTART|SA_SIGINFO
SIGINT: [libjvm.dylib+0x486a7d], sa_mask[0]=11111111011111110111111111111111, sa_flags=SA_RESTART|SA_SIGINFO
SIGTERM: [libjvm.dylib+0x486a7d], sa_mask[0]=11111111011111110111111111111111, sa_flags=SA_RESTART|SA_SIGINFO
SIGQUIT: [libjvm.dylib+0x486a7d], sa_mask[0]=11111111011111110111111111111111, sa_flags=SA_RESTART|SA_SIGINFO


---------------  S Y S T E M  ---------------

OS:Bsduname:Darwin 16.3.0 Darwin Kernel Version 16.3.0: Thu Nov 17 20:23:58 PST 2016; root:xnu-3789.31.2~1/RELEASE_X86_64 x86_64
rlimit: STACK 8192k, CORE 0k, NPROC 709, NOFILE 10240, AS infinity
load average:1.99 2.57 2.63

CPU:total 8 (initial active 8) (4 cores per cpu, 2 threads per core) family 6 model 70 stepping 1, cmov, cx8, fxsr, mmx, sse, sse2, sse3, ssse3, sse4.1, sse4.2, popcnt, avx, avx2, aes, clmul, erms, lzcnt, ht, tsc, tscinvbit, bmi1, bmi2

Memory: 4k page, physical 16777216k(226784k free)

/proc/meminfo:


vm_info: Java HotSpot(TM) 64-Bit Server VM (25.131-b11) for bsd-amd64 JRE (1.8.0_131-b11), built on Mar 15 2017 01:32:22 by "java_re" with gcc 4.2.1 (Based on Apple Inc. build 5658) (LLVM build 2336.11.00)

time: Sun Jan 14 23:26:37 2018
elapsed time: 0 seconds (0d 0h 0m 0s)

